Using pre-set license
Built from '2021.1/staging' branch; Version is '2021.1.20f1 (be552157821d) revision 12473633'; Using compiler version '192528614'; Build Type 'Release'
OS: 'Windows 10 Home; OS build 19041.1288; Version 2004; 64bit' Language: 'en' Physical Memory: 8075 MB
BatchMode: 1, IsHumanControllingUs: 0, StartBugReporterOnCrash: 0, Is64bit: 1, IsPro: 0

COMMAND LINE ARGUMENTS:
C:\Program Files\Unity\Hub\Editor\2021.1.20f1\Editor\Unity.exe
-adb2
-batchMode
-noUpm
-name
AssetImportWorker6
-projectPath
C:/Users/Joey's PC/Desktop/School/Fall 2021/SocialGameDesign/Game-release
-logFile
Logs/AssetImportWorker6.log
-srvPort
52105
Successfully changed project path to: C:/Users/Joey's PC/Desktop/School/Fall 2021/SocialGameDesign/Game-release
C:/Users/Joey's PC/Desktop/School/Fall 2021/SocialGameDesign/Game-release
Using Asset Import Pipeline V2.
Refreshing native plugins compatible for Editor in 124.09 ms, found 3 plugins.
Preloading 0 native plugins for Editor in 0.00 ms.
Initialize engine version: 2021.1.20f1 (be552157821d)
[Subsystems] Discovering subsystems at path C:/Program Files/Unity/Hub/Editor/2021.1.20f1/Editor/Data/Resources/UnitySubsystems
[Subsystems] Discovering subsystems at path C:/Users/Joey's PC/Desktop/School/Fall 2021/SocialGameDesign/Game-release/Assets
GfxDevice: creating device client; threaded=0; jobified=0
Direct3D:
    Version:  Direct3D 11.0 [level 11.1]
    Renderer: NVIDIA GeForce GTX 1050 (ID=0x1c8d)
    Vendor:   NVIDIA
    VRAM:     4019 MB
    Driver:   26.21.14.4223
Initialize mono
Mono path[0] = 'C:/Program Files/Unity/Hub/Editor/2021.1.20f1/Editor/Data/Managed'
Mono path[1] = 'C:/Program Files/Unity/Hub/Editor/2021.1.20f1/Editor/Data/MonoBleedingEdge/lib/mono/unityjit'
Mono config path = 'C:/Program Files/Unity/Hub/Editor/2021.1.20f1/Editor/Data/MonoBleedingEdge/etc'
Using monoOptions --debugger-agent=transport=dt_socket,embedding=1,server=y,suspend=n,address=127.0.0.1:56496
Begin MonoManager ReloadAssembly
Registering precompiled unity dll's ...
Register platform support module: C:/Program Files/Unity/Hub/Editor/2021.1.20f1/Editor/Data/PlaybackEngines/WebGLSupport/UnityEditor.WebGL.Extensions.dll
Register platform support module: C:/Program Files/Unity/Hub/Editor/2021.1.20f1/Editor/Data/PlaybackEngines/WindowsStandaloneSupport/UnityEditor.WindowsStandalone.Extensions.dll
Registered in 0.004977 seconds.
Native extension for WindowsStandalone target not found
Native extension for WebGL target not found
Refreshing native plugins compatible for Editor in 120.35 ms, found 3 plugins.
Preloading 0 native plugins for Editor in 0.00 ms.
Mono: successfully reloaded assembly
- Completed reload, in  3.968 seconds
Domain Reload Profiling:
	ReloadAssembly (3968ms)
		BeginReloadAssembly (106ms)
			ExecutionOrderSort (0ms)
			DisableScriptedObjects (0ms)
			BackupInstance (0ms)
			ReleaseScriptingObjects (0ms)
			CreateAndSetChildDomain (1ms)
		EndReloadAssembly (685ms)
			LoadAssemblies (102ms)
			RebuildTransferFunctionScriptingTraits (0ms)
			SetupTypeCache (248ms)
			ReleaseScriptCaches (0ms)
			RebuildScriptCaches (42ms)
			SetupLoadedEditorAssemblies (323ms)
				LogAssemblyErrors (0ms)
				InitializePlatformSupportModulesInManaged (10ms)
				SetLoadedEditorAssemblies (0ms)
				RefreshPlugins (120ms)
				BeforeProcessingInitializeOnLoad (2ms)
				ProcessInitializeOnLoadAttributes (141ms)
				ProcessInitializeOnLoadMethodAttributes (49ms)
				AfterProcessingInitializeOnLoad (0ms)
				EditorAssembliesLoaded (0ms)
			ExecutionOrderSort2 (0ms)
			AwakeInstancesAfterBackupRestoration (0ms)
Platform modules already initialized, skipping
Registering precompiled user dll's ...
Registered in 0.011890 seconds.
Begin MonoManager ReloadAssembly
Symbol file LoadedFromMemory doesn't match image C:\Users\Joey's PC\Desktop\School\Fall 2021\SocialGameDesign\Game-release\Library\PackageCache\com.unity.visualscripting@1.6.1\Editor\VisualScripting.Core\Dependencies\YamlDotNet\Unity.VisualScripting.YamlDotNet.dll
Symbol file LoadedFromMemory doesn't match image C:\Users\Joey's PC\Desktop\School\Fall 2021\SocialGameDesign\Game-release\Library\PackageCache\com.unity.visualscripting@1.6.1\Editor\VisualScripting.Core\Dependencies\DotNetZip\Unity.VisualScripting.IonicZip.dll
Native extension for WindowsStandalone target not found
Native extension for WebGL target not found
Refreshing native plugins compatible for Editor in 1.56 ms, found 3 plugins.
Preloading 0 native plugins for Editor in 0.00 ms.
Mono: successfully reloaded assembly
- Completed reload, in  2.562 seconds
Domain Reload Profiling:
	ReloadAssembly (2563ms)
		BeginReloadAssembly (244ms)
			ExecutionOrderSort (0ms)
			DisableScriptedObjects (6ms)
			BackupInstance (0ms)
			ReleaseScriptingObjects (0ms)
			CreateAndSetChildDomain (32ms)
		EndReloadAssembly (2213ms)
			LoadAssemblies (400ms)
			RebuildTransferFunctionScriptingTraits (0ms)
			SetupTypeCache (704ms)
			ReleaseScriptCaches (1ms)
			RebuildScriptCaches (135ms)
			SetupLoadedEditorAssemblies (771ms)
				LogAssemblyErrors (0ms)
				InitializePlatformSupportModulesInManaged (14ms)
				SetLoadedEditorAssemblies (2ms)
				RefreshPlugins (2ms)
				BeforeProcessingInitializeOnLoad (140ms)
				ProcessInitializeOnLoadAttributes (591ms)
				ProcessInitializeOnLoadMethodAttributes (7ms)
				AfterProcessingInitializeOnLoad (14ms)
				EditorAssembliesLoaded (0ms)
			ExecutionOrderSort2 (0ms)
			AwakeInstancesAfterBackupRestoration (10ms)
Platform modules already initialized, skipping
========================================================================
Worker process is ready to serve import requests
Launched and connected shader compiler UnityShaderCompiler.exe after 0.33 seconds
Refreshing native plugins compatible for Editor in 1.73 ms, found 3 plugins.
Preloading 0 native plugins for Editor in 0.00 ms.
Unloading 3125 Unused Serialized files (Serialized files now loaded: 0)
System memory in use before: 113.7 MB.
System memory in use after: 113.9 MB.

Unloading 21 unused Assets to reduce memory usage. Loaded Objects now: 3571.
Total: 8.044600 ms (FindLiveObjects: 0.378700 ms CreateObjectMapping: 0.300700 ms MarkObjects: 7.111600 ms  DeleteObjects: 0.251800 ms)

AssetImportParameters requested are different than current active one (requested -> active):
  custom:framework-win-MediaFoundation: 216162199b28c13a410421893ffa2e32 -> 
  custom:video-decoder-ogg-theora: a1e56fd34408186e4bbccfd4996cb3dc -> 
  custom:container-muxer-webm: aa71ff27fc2769a1b78a27578f13a17b -> 
  custom:container-demuxer-webm: 4f35f7cbe854078d1ac9338744f61a02 -> 
  custom:container-demuxer-ogg: 62fdf1f143b41e24485cea50d1cbac27 -> 
  custom:video-encoder-webm-vp8: eb34c28f22e8b96e1ab97ce403110664 -> 
  custom:video-decoder-webm-vp8: 9c59270c3fd7afecdb556c50c9e8de78 -> 
  custom:audio-decoder-ogg-vorbis: bf7c407c2cedff20999df2af8eb42d56 -> 
  custom:audio-encoder-webm-vorbis: bf7c407c2cedff20999df2af8eb42d56 -> 
========================================================================
Received Import Request.
  path: Assets/Scripts/Command/PotionSpawn.cs
  artifactKey: Guid(d2bba5fcac62c2641bf9458d286d23a3) Importer(815301076,1909f56bfc062723c751e8b465ee728b)
Start importing Assets/Scripts/Command/PotionSpawn.cs using Guid(d2bba5fcac62c2641bf9458d286d23a3) Importer(815301076,1909f56bfc062723c751e8b465ee728b)  -> (artifact id: '26a81409e8e99e63b31494fc696eb177') in 0.673774 seconds 
========================================================================
Received Import Request.
  Time since last request: 0.000587 seconds.
  path: Assets/Objects/Models/recipeBook.fbx
  artifactKey: Guid(264cfcc3055a1784f90a4bae733e4da9) Importer(815301076,1909f56bfc062723c751e8b465ee728b)
Start importing Assets/Objects/Models/recipeBook.fbx using Guid(264cfcc3055a1784f90a4bae733e4da9) Importer(815301076,1909f56bfc062723c751e8b465ee728b)  -> (artifact id: 'dc04fa7f0e96090787e19794e749c812') in 1.130980 seconds 
========================================================================
Received Import Request.
  Time since last request: 147.595922 seconds.
  path: Assets/Objects/Models/recipeBook.fbx
  artifactKey: Guid(264cfcc3055a1784f90a4bae733e4da9) Importer(815301076,1909f56bfc062723c751e8b465ee728b)
Start importing Assets/Objects/Models/recipeBook.fbx using Guid(264cfcc3055a1784f90a4bae733e4da9) Importer(815301076,1909f56bfc062723c751e8b465ee728b)  -> (artifact id: '17db0221b28607728cf13c02c7f458a1') in 0.093018 seconds 
========================================================================
Received Prepare
Registering precompiled user dll's ...
Registered in 0.014694 seconds.
Begin MonoManager ReloadAssembly
Symbol file LoadedFromMemory doesn't match image C:\Users\Joey's PC\Desktop\School\Fall 2021\SocialGameDesign\Game-release\Library\PackageCache\com.unity.visualscripting@1.6.1\Editor\VisualScripting.Core\Dependencies\YamlDotNet\Unity.VisualScripting.YamlDotNet.dll
Symbol file LoadedFromMemory doesn't match image C:\Users\Joey's PC\Desktop\School\Fall 2021\SocialGameDesign\Game-release\Library\PackageCache\com.unity.visualscripting@1.6.1\Editor\VisualScripting.Core\Dependencies\DotNetZip\Unity.VisualScripting.IonicZip.dll
Native extension for WindowsStandalone target not found
Native extension for WebGL target not found
Refreshing native plugins compatible for Editor in 0.99 ms, found 3 plugins.
Preloading 0 native plugins for Editor in 0.00 ms.
Mono: successfully reloaded assembly
- Completed reload, in  2.884 seconds
Domain Reload Profiling:
	ReloadAssembly (2884ms)
		BeginReloadAssembly (174ms)
			ExecutionOrderSort (0ms)
			DisableScriptedObjects (5ms)
			BackupInstance (0ms)
			ReleaseScriptingObjects (0ms)
			CreateAndSetChildDomain (52ms)
		EndReloadAssembly (2631ms)
			LoadAssemblies (129ms)
			RebuildTransferFunctionScriptingTraits (0ms)
			SetupTypeCache (685ms)
			ReleaseScriptCaches (2ms)
			RebuildScriptCaches (124ms)
			SetupLoadedEditorAssemblies (1398ms)
				LogAssemblyErrors (0ms)
				InitializePlatformSupportModulesInManaged (15ms)
				SetLoadedEditorAssemblies (3ms)
				RefreshPlugins (1ms)
				BeforeProcessingInitializeOnLoad (147ms)
				ProcessInitializeOnLoadAttributes (1199ms)
				ProcessInitializeOnLoadMethodAttributes (11ms)
				AfterProcessingInitializeOnLoad (22ms)
				EditorAssembliesLoaded (1ms)
			ExecutionOrderSort2 (0ms)
			AwakeInstancesAfterBackupRestoration (17ms)
Platform modules already initialized, skipping
Refreshing native plugins compatible for Editor in 1.95 ms, found 3 plugins.
Preloading 0 native plugins for Editor in 0.00 ms.
Unloading 3117 Unused Serialized files (Serialized files now loaded: 0)
System memory in use before: 117.4 MB.
System memory in use after: 117.7 MB.

Unloading 16 unused Assets to reduce memory usage. Loaded Objects now: 3616.
Total: 9.293700 ms (FindLiveObjects: 0.769200 ms CreateObjectMapping: 0.341200 ms MarkObjects: 8.123000 ms  DeleteObjects: 0.058300 ms)

AssetImportParameters requested are different than current active one (requested -> active):
  custom:framework-win-MediaFoundation: 216162199b28c13a410421893ffa2e32 -> 
  custom:video-decoder-ogg-theora: a1e56fd34408186e4bbccfd4996cb3dc -> 
  custom:container-muxer-webm: aa71ff27fc2769a1b78a27578f13a17b -> 
  custom:container-demuxer-webm: 4f35f7cbe854078d1ac9338744f61a02 -> 
  custom:container-demuxer-ogg: 62fdf1f143b41e24485cea50d1cbac27 -> 
  custom:video-encoder-webm-vp8: eb34c28f22e8b96e1ab97ce403110664 -> 
  custom:video-decoder-webm-vp8: 9c59270c3fd7afecdb556c50c9e8de78 -> 
  custom:audio-decoder-ogg-vorbis: bf7c407c2cedff20999df2af8eb42d56 -> 
  custom:audio-encoder-webm-vorbis: bf7c407c2cedff20999df2af8eb42d56 -> 
========================================================================
Received Prepare
Registering precompiled user dll's ...
Registered in 0.038525 seconds.
Begin MonoManager ReloadAssembly
Symbol file LoadedFromMemory doesn't match image C:\Users\Joey's PC\Desktop\School\Fall 2021\SocialGameDesign\Game-release\Library\PackageCache\com.unity.visualscripting@1.6.1\Editor\VisualScripting.Core\Dependencies\YamlDotNet\Unity.VisualScripting.YamlDotNet.dll
Symbol file LoadedFromMemory doesn't match image C:\Users\Joey's PC\Desktop\School\Fall 2021\SocialGameDesign\Game-release\Library\PackageCache\com.unity.visualscripting@1.6.1\Editor\VisualScripting.Core\Dependencies\DotNetZip\Unity.VisualScripting.IonicZip.dll
Native extension for WindowsStandalone target not found
Native extension for WebGL target not found
Refreshing native plugins compatible for Editor in 0.92 ms, found 3 plugins.
Preloading 0 native plugins for Editor in 0.00 ms.
Mono: successfully reloaded assembly
- Completed reload, in  4.037 seconds
Domain Reload Profiling:
	ReloadAssembly (4038ms)
		BeginReloadAssembly (362ms)
			ExecutionOrderSort (0ms)
			DisableScriptedObjects (12ms)
			BackupInstance (0ms)
			ReleaseScriptingObjects (0ms)
			CreateAndSetChildDomain (99ms)
		EndReloadAssembly (3506ms)
			LoadAssemblies (334ms)
			RebuildTransferFunctionScriptingTraits (0ms)
			SetupTypeCache (1008ms)
			ReleaseScriptCaches (2ms)
			RebuildScriptCaches (109ms)
			SetupLoadedEditorAssemblies (1881ms)
				LogAssemblyErrors (0ms)
				InitializePlatformSupportModulesInManaged (16ms)
				SetLoadedEditorAssemblies (1ms)
				RefreshPlugins (1ms)
				BeforeProcessingInitializeOnLoad (146ms)
				ProcessInitializeOnLoadAttributes (1684ms)
				ProcessInitializeOnLoadMethodAttributes (12ms)
				AfterProcessingInitializeOnLoad (20ms)
				EditorAssembliesLoaded (0ms)
			ExecutionOrderSort2 (0ms)
			AwakeInstancesAfterBackupRestoration (19ms)
Platform modules already initialized, skipping
Refreshing native plugins compatible for Editor in 1.35 ms, found 3 plugins.
Preloading 0 native plugins for Editor in 0.00 ms.
Unloading 3117 Unused Serialized files (Serialized files now loaded: 0)
System memory in use before: 117.5 MB.
System memory in use after: 117.7 MB.

Unloading 16 unused Assets to reduce memory usage. Loaded Objects now: 3618.
Total: 7.340700 ms (FindLiveObjects: 0.987100 ms CreateObjectMapping: 1.820200 ms MarkObjects: 4.510400 ms  DeleteObjects: 0.021000 ms)

AssetImportParameters requested are different than current active one (requested -> active):
  custom:framework-win-MediaFoundation: 216162199b28c13a410421893ffa2e32 -> 
  custom:video-decoder-ogg-theora: a1e56fd34408186e4bbccfd4996cb3dc -> 
  custom:container-muxer-webm: aa71ff27fc2769a1b78a27578f13a17b -> 
  custom:container-demuxer-webm: 4f35f7cbe854078d1ac9338744f61a02 -> 
  custom:container-demuxer-ogg: 62fdf1f143b41e24485cea50d1cbac27 -> 
  custom:video-encoder-webm-vp8: eb34c28f22e8b96e1ab97ce403110664 -> 
  custom:video-decoder-webm-vp8: 9c59270c3fd7afecdb556c50c9e8de78 -> 
  custom:audio-decoder-ogg-vorbis: bf7c407c2cedff20999df2af8eb42d56 -> 
  custom:audio-encoder-webm-vorbis: bf7c407c2cedff20999df2af8eb42d56 -> 
========================================================================
Received Import Request.
  Time since last request: 220.348782 seconds.
  path: Assets/Objects/Models/tuna.fbx
  artifactKey: Guid(171324a74113800408152814ca810ac8) Importer(815301076,1909f56bfc062723c751e8b465ee728b)
Start importing Assets/Objects/Models/tuna.fbx using Guid(171324a74113800408152814ca810ac8) Importer(815301076,1909f56bfc062723c751e8b465ee728b)  -> (artifact id: 'd6697148d6f33a1a11ecd20680d69bd0') in 0.125560 seconds 
========================================================================
Received Import Request.
  Time since last request: 253.118326 seconds.
  path: Assets/Objects/Models/tuna.fbx
  artifactKey: Guid(171324a74113800408152814ca810ac8) Importer(815301076,1909f56bfc062723c751e8b465ee728b)
Start importing Assets/Objects/Models/tuna.fbx using Guid(171324a74113800408152814ca810ac8) Importer(815301076,1909f56bfc062723c751e8b465ee728b)  -> (artifact id: '774081213b9b2841d565ad57b3940ca9') in 0.066684 seconds 
========================================================================
Received Import Request.
  Time since last request: 114.527151 seconds.
  path: Assets/Objects/Models/tuna.fbx
  artifactKey: Guid(171324a74113800408152814ca810ac8) Importer(815301076,1909f56bfc062723c751e8b465ee728b)
Start importing Assets/Objects/Models/tuna.fbx using Guid(171324a74113800408152814ca810ac8) Importer(815301076,1909f56bfc062723c751e8b465ee728b)  -> (artifact id: '669c196fc9b750d76ee6d170997b64c9') in 0.054674 seconds 
========================================================================
Received Import Request.
  Time since last request: 59.141092 seconds.
  path: Assets/Objects/Models/tuna.fbx
  artifactKey: Guid(171324a74113800408152814ca810ac8) Importer(815301076,1909f56bfc062723c751e8b465ee728b)
Start importing Assets/Objects/Models/tuna.fbx using Guid(171324a74113800408152814ca810ac8) Importer(815301076,1909f56bfc062723c751e8b465ee728b)  -> (artifact id: '8b950978601629ab448227c1238bfd9c') in 0.056665 seconds 
========================================================================
Received Import Request.
  Time since last request: 71.829181 seconds.
  path: Assets/Objects/Models/tuna.fbx
  artifactKey: Guid(171324a74113800408152814ca810ac8) Importer(815301076,1909f56bfc062723c751e8b465ee728b)
Start importing Assets/Objects/Models/tuna.fbx using Guid(171324a74113800408152814ca810ac8) Importer(815301076,1909f56bfc062723c751e8b465ee728b)  -> (artifact id: 'd8c48f89efebc75323a2410ce435d36b') in 0.061689 seconds 
========================================================================
Received Import Request.
  Time since last request: 60.974162 seconds.
  path: Assets/Objects/Models/tuna.fbx
  artifactKey: Guid(171324a74113800408152814ca810ac8) Importer(815301076,1909f56bfc062723c751e8b465ee728b)
Start importing Assets/Objects/Models/tuna.fbx using Guid(171324a74113800408152814ca810ac8) Importer(815301076,1909f56bfc062723c751e8b465ee728b)  -> (artifact id: '5ae9c7af407d39b83c4794aee804c366') in 0.053969 seconds 
========================================================================
Received Import Request.
  Time since last request: 59.393352 seconds.
  path: Assets/Objects/Models/tuna.fbx
  artifactKey: Guid(171324a74113800408152814ca810ac8) Importer(815301076,1909f56bfc062723c751e8b465ee728b)
Start importing Assets/Objects/Models/tuna.fbx using Guid(171324a74113800408152814ca810ac8) Importer(815301076,1909f56bfc062723c751e8b465ee728b)  -> (artifact id: '5e4ded0919a6a7690b3dfd3495e7e35f') in 0.051238 seconds 
========================================================================
Received Import Request.
  Time since last request: 50.934095 seconds.
  path: Assets/Objects/Models/tuna.fbx
  artifactKey: Guid(171324a74113800408152814ca810ac8) Importer(815301076,1909f56bfc062723c751e8b465ee728b)
Start importing Assets/Objects/Models/tuna.fbx using Guid(171324a74113800408152814ca810ac8) Importer(815301076,1909f56bfc062723c751e8b465ee728b)  -> (artifact id: '5348dc52ec3c490886db24c85459995e') in 0.058338 seconds 
========================================================================
Received Import Request.
  Time since last request: 43.848584 seconds.
  path: Assets/Objects/Models/tuna.fbx
  artifactKey: Guid(171324a74113800408152814ca810ac8) Importer(815301076,1909f56bfc062723c751e8b465ee728b)
Start importing Assets/Objects/Models/tuna.fbx using Guid(171324a74113800408152814ca810ac8) Importer(815301076,1909f56bfc062723c751e8b465ee728b)  -> (artifact id: '35789fb8fb2ddecf3460d1292ca54687') in 0.052318 seconds 
========================================================================
Received Prepare
Registering precompiled user dll's ...
Registered in 0.086030 seconds.
Begin MonoManager ReloadAssembly
Symbol file LoadedFromMemory doesn't match image C:\Users\Joey's PC\Desktop\School\Fall 2021\SocialGameDesign\Game-release\Library\PackageCache\com.unity.visualscripting@1.6.1\Editor\VisualScripting.Core\Dependencies\YamlDotNet\Unity.VisualScripting.YamlDotNet.dll
Symbol file LoadedFromMemory doesn't match image C:\Users\Joey's PC\Desktop\School\Fall 2021\SocialGameDesign\Game-release\Library\PackageCache\com.unity.visualscripting@1.6.1\Editor\VisualScripting.Core\Dependencies\DotNetZip\Unity.VisualScripting.IonicZip.dll
Native extension for WindowsStandalone target not found
Native extension for WebGL target not found
Refreshing native plugins compatible for Editor in 0.92 ms, found 3 plugins.
Preloading 0 native plugins for Editor in 0.00 ms.
Mono: successfully reloaded assembly
- Completed reload, in  1.613 seconds
Domain Reload Profiling:
	ReloadAssembly (1613ms)
		BeginReloadAssembly (197ms)
			ExecutionOrderSort (0ms)
			DisableScriptedObjects (7ms)
			BackupInstance (0ms)
			ReleaseScriptingObjects (0ms)
			CreateAndSetChildDomain (66ms)
		EndReloadAssembly (1330ms)
			LoadAssemblies (152ms)
			RebuildTransferFunctionScriptingTraits (0ms)
			SetupTypeCache (400ms)
			ReleaseScriptCaches (1ms)
			RebuildScriptCaches (54ms)
			SetupLoadedEditorAssemblies (599ms)
				LogAssemblyErrors (0ms)
				InitializePlatformSupportModulesInManaged (8ms)
				SetLoadedEditorAssemblies (1ms)
				RefreshPlugins (1ms)
				BeforeProcessingInitializeOnLoad (77ms)
				ProcessInitializeOnLoadAttributes (492ms)
				ProcessInitializeOnLoadMethodAttributes (8ms)
				AfterProcessingInitializeOnLoad (12ms)
				EditorAssembliesLoaded (1ms)
			ExecutionOrderSort2 (0ms)
			AwakeInstancesAfterBackupRestoration (9ms)
Platform modules already initialized, skipping
Refreshing native plugins compatible for Editor in 0.73 ms, found 3 plugins.
Preloading 0 native plugins for Editor in 0.00 ms.
Unloading 3117 Unused Serialized files (Serialized files now loaded: 0)
System memory in use before: 117.6 MB.
System memory in use after: 117.8 MB.

Unloading 17 unused Assets to reduce memory usage. Loaded Objects now: 3621.
Total: 5.404800 ms (FindLiveObjects: 0.247400 ms CreateObjectMapping: 0.146300 ms MarkObjects: 4.971800 ms  DeleteObjects: 0.036400 ms)

AssetImportParameters requested are different than current active one (requested -> active):
  custom:framework-win-MediaFoundation: 216162199b28c13a410421893ffa2e32 -> 
  custom:video-decoder-ogg-theora: a1e56fd34408186e4bbccfd4996cb3dc -> 
  custom:container-muxer-webm: aa71ff27fc2769a1b78a27578f13a17b -> 
  custom:container-demuxer-webm: 4f35f7cbe854078d1ac9338744f61a02 -> 
  custom:container-demuxer-ogg: 62fdf1f143b41e24485cea50d1cbac27 -> 
  custom:video-encoder-webm-vp8: eb34c28f22e8b96e1ab97ce403110664 -> 
  custom:video-decoder-webm-vp8: 9c59270c3fd7afecdb556c50c9e8de78 -> 
  custom:audio-decoder-ogg-vorbis: bf7c407c2cedff20999df2af8eb42d56 -> 
  custom:audio-encoder-webm-vorbis: bf7c407c2cedff20999df2af8eb42d56 -> 
========================================================================
Received Import Request.
  Time since last request: 2382.123758 seconds.
  path: Assets/Objects/Models/clock.fbx
  artifactKey: Guid(71494fef696058547bd5f80c45de1b5f) Importer(815301076,1909f56bfc062723c751e8b465ee728b)
Start importing Assets/Objects/Models/clock.fbx using Guid(71494fef696058547bd5f80c45de1b5f) Importer(815301076,1909f56bfc062723c751e8b465ee728b)  -> (artifact id: '03e24678132b4972a94b24aed1578931') in 0.292244 seconds 
========================================================================
Received Import Request.
  Time since last request: 63.200934 seconds.
  path: Assets/Objects/Models/clock.fbx
  artifactKey: Guid(71494fef696058547bd5f80c45de1b5f) Importer(815301076,1909f56bfc062723c751e8b465ee728b)
Start importing Assets/Objects/Models/clock.fbx using Guid(71494fef696058547bd5f80c45de1b5f) Importer(815301076,1909f56bfc062723c751e8b465ee728b)  -> (artifact id: 'b213843c4e8a6c824d52d3ccf6b07f9c') in 0.165087 seconds 
========================================================================
Received Import Request.
  Time since last request: 54.842701 seconds.
  path: Assets/Objects/Models/clock.fbx
  artifactKey: Guid(71494fef696058547bd5f80c45de1b5f) Importer(815301076,1909f56bfc062723c751e8b465ee728b)
Start importing Assets/Objects/Models/clock.fbx using Guid(71494fef696058547bd5f80c45de1b5f) Importer(815301076,1909f56bfc062723c751e8b465ee728b)  -> (artifact id: 'e4dd4e2fece78ea1a313a4225a583f63') in 0.443638 seconds 
========================================================================
Received Import Request.
  Time since last request: 397.214838 seconds.
  path: Assets/Objects/Models/clock.fbx
  artifactKey: Guid(71494fef696058547bd5f80c45de1b5f) Importer(815301076,1909f56bfc062723c751e8b465ee728b)
Start importing Assets/Objects/Models/clock.fbx using Guid(71494fef696058547bd5f80c45de1b5f) Importer(815301076,1909f56bfc062723c751e8b465ee728b)  -> (artifact id: '1d7778fee1bc30ba87732fc8f2ea8823') in 0.081400 seconds 
========================================================================
Received Import Request.
  Time since last request: 44.880861 seconds.
  path: Assets/Objects/Models/clock.fbx
  artifactKey: Guid(71494fef696058547bd5f80c45de1b5f) Importer(815301076,1909f56bfc062723c751e8b465ee728b)
Start importing Assets/Objects/Models/clock.fbx using Guid(71494fef696058547bd5f80c45de1b5f) Importer(815301076,1909f56bfc062723c751e8b465ee728b)  -> (artifact id: '35442ff64af2aa909f9f21ba3c29e137') in 0.083717 seconds 
========================================================================
Received Import Request.
  Time since last request: 49.990530 seconds.
  path: Assets/Objects/Models/clock.fbx
  artifactKey: Guid(71494fef696058547bd5f80c45de1b5f) Importer(815301076,1909f56bfc062723c751e8b465ee728b)
Start importing Assets/Objects/Models/clock.fbx using Guid(71494fef696058547bd5f80c45de1b5f) Importer(815301076,1909f56bfc062723c751e8b465ee728b)  -> (artifact id: '538a8166c161931ca718ac27684411bb') in 0.064013 seconds 
========================================================================
Received Import Request.
  Time since last request: 219.817598 seconds.
  path: Assets/Objects/Models/clock.fbx
  artifactKey: Guid(71494fef696058547bd5f80c45de1b5f) Importer(815301076,1909f56bfc062723c751e8b465ee728b)
Start importing Assets/Objects/Models/clock.fbx using Guid(71494fef696058547bd5f80c45de1b5f) Importer(815301076,1909f56bfc062723c751e8b465ee728b)  -> (artifact id: 'bad8fc6e25e8683a3f342fed7f162242') in 0.059538 seconds 
========================================================================
Received Import Request.
  Time since last request: 230.606214 seconds.
  path: Assets/Scripts/Pickup.cs
  artifactKey: Guid(e1ec2d19b0b851a43af4093d925ba726) Importer(815301076,1909f56bfc062723c751e8b465ee728b)
Start importing Assets/Scripts/Pickup.cs using Guid(e1ec2d19b0b851a43af4093d925ba726) Importer(815301076,1909f56bfc062723c751e8b465ee728b)  -> (artifact id: '55f8ccc2484451529730b27b8dc5f134') in 0.035023 seconds 
========================================================================
Received Prepare
Registering precompiled user dll's ...
Registered in 0.212839 seconds.
Begin MonoManager ReloadAssembly
Symbol file LoadedFromMemory doesn't match image C:\Users\Joey's PC\Desktop\School\Fall 2021\SocialGameDesign\Game-release\Library\PackageCache\com.unity.visualscripting@1.6.1\Editor\VisualScripting.Core\Dependencies\YamlDotNet\Unity.VisualScripting.YamlDotNet.dll
Symbol file LoadedFromMemory doesn't match image C:\Users\Joey's PC\Desktop\School\Fall 2021\SocialGameDesign\Game-release\Library\PackageCache\com.unity.visualscripting@1.6.1\Editor\VisualScripting.Core\Dependencies\DotNetZip\Unity.VisualScripting.IonicZip.dll
Native extension for WindowsStandalone target not found
Native extension for WebGL target not found
Refreshing native plugins compatible for Editor in 1.37 ms, found 3 plugins.
Preloading 0 native plugins for Editor in 0.00 ms.
Mono: successfully reloaded assembly
- Completed reload, in  3.175 seconds
Domain Reload Profiling:
	ReloadAssembly (3176ms)
		BeginReloadAssembly (566ms)
			ExecutionOrderSort (0ms)
			DisableScriptedObjects (18ms)
			BackupInstance (0ms)
			ReleaseScriptingObjects (1ms)
			CreateAndSetChildDomain (202ms)
		EndReloadAssembly (2413ms)
			LoadAssemblies (382ms)
			RebuildTransferFunctionScriptingTraits (0ms)
			SetupTypeCache (912ms)
			ReleaseScriptCaches (3ms)
			RebuildScriptCaches (102ms)
			SetupLoadedEditorAssemblies (937ms)
				LogAssemblyErrors (0ms)
				InitializePlatformSupportModulesInManaged (16ms)
				SetLoadedEditorAssemblies (2ms)
				RefreshPlugins (1ms)
				BeforeProcessingInitializeOnLoad (152ms)
				ProcessInitializeOnLoadAttributes (735ms)
				ProcessInitializeOnLoadMethodAttributes (9ms)
				AfterProcessingInitializeOnLoad (20ms)
				EditorAssembliesLoaded (1ms)
			ExecutionOrderSort2 (0ms)
			AwakeInstancesAfterBackupRestoration (17ms)
Platform modules already initialized, skipping
Refreshing native plugins compatible for Editor in 0.63 ms, found 3 plugins.
Preloading 0 native plugins for Editor in 0.00 ms.
Unloading 3117 Unused Serialized files (Serialized files now loaded: 0)
System memory in use before: 117.6 MB.
System memory in use after: 117.8 MB.

Unloading 17 unused Assets to reduce memory usage. Loaded Objects now: 3624.
Total: 3.832800 ms (FindLiveObjects: 0.247800 ms CreateObjectMapping: 0.151200 ms MarkObjects: 3.254400 ms  DeleteObjects: 0.178400 ms)

AssetImportParameters requested are different than current active one (requested -> active):
  custom:framework-win-MediaFoundation: 216162199b28c13a410421893ffa2e32 -> 
  custom:video-decoder-ogg-theora: a1e56fd34408186e4bbccfd4996cb3dc -> 
  custom:container-muxer-webm: aa71ff27fc2769a1b78a27578f13a17b -> 
  custom:container-demuxer-webm: 4f35f7cbe854078d1ac9338744f61a02 -> 
  custom:container-demuxer-ogg: 62fdf1f143b41e24485cea50d1cbac27 -> 
  custom:video-encoder-webm-vp8: eb34c28f22e8b96e1ab97ce403110664 -> 
  custom:video-decoder-webm-vp8: 9c59270c3fd7afecdb556c50c9e8de78 -> 
  custom:audio-decoder-ogg-vorbis: bf7c407c2cedff20999df2af8eb42d56 -> 
  custom:audio-encoder-webm-vorbis: bf7c407c2cedff20999df2af8eb42d56 -> 
========================================================================
Received Prepare
Registering precompiled user dll's ...
Registered in 0.007633 seconds.
Begin MonoManager ReloadAssembly
Symbol file LoadedFromMemory doesn't match image C:\Users\Joey's PC\Desktop\School\Fall 2021\SocialGameDesign\Game-release\Library\PackageCache\com.unity.visualscripting@1.6.1\Editor\VisualScripting.Core\Dependencies\YamlDotNet\Unity.VisualScripting.YamlDotNet.dll
Symbol file LoadedFromMemory doesn't match image C:\Users\Joey's PC\Desktop\School\Fall 2021\SocialGameDesign\Game-release\Library\PackageCache\com.unity.visualscripting@1.6.1\Editor\VisualScripting.Core\Dependencies\DotNetZip\Unity.VisualScripting.IonicZip.dll
Native extension for WindowsStandalone target not found
Native extension for WebGL target not found
Refreshing native plugins compatible for Editor in 0.63 ms, found 3 plugins.
Preloading 0 native plugins for Editor in 0.00 ms.
Mono: successfully reloaded assembly
- Completed reload, in  1.779 seconds
Domain Reload Profiling:
	ReloadAssembly (1780ms)
		BeginReloadAssembly (159ms)
			ExecutionOrderSort (0ms)
			DisableScriptedObjects (6ms)
			BackupInstance (0ms)
			ReleaseScriptingObjects (0ms)
			CreateAndSetChildDomain (41ms)
		EndReloadAssembly (1549ms)
			LoadAssemblies (137ms)
			RebuildTransferFunctionScriptingTraits (0ms)
			SetupTypeCache (447ms)
			ReleaseScriptCaches (1ms)
			RebuildScriptCaches (61ms)
			SetupLoadedEditorAssemblies (784ms)
				LogAssemblyErrors (0ms)
				InitializePlatformSupportModulesInManaged (9ms)
				SetLoadedEditorAssemblies (1ms)
				RefreshPlugins (1ms)
				BeforeProcessingInitializeOnLoad (71ms)
				ProcessInitializeOnLoadAttributes (687ms)
				ProcessInitializeOnLoadMethodAttributes (6ms)
				AfterProcessingInitializeOnLoad (10ms)
				EditorAssembliesLoaded (0ms)
			ExecutionOrderSort2 (0ms)
			AwakeInstancesAfterBackupRestoration (8ms)
Platform modules already initialized, skipping
Refreshing native plugins compatible for Editor in 0.66 ms, found 3 plugins.
Preloading 0 native plugins for Editor in 0.00 ms.
Unloading 3117 Unused Serialized files (Serialized files now loaded: 0)
System memory in use before: 117.6 MB.
System memory in use after: 117.9 MB.

Unloading 16 unused Assets to reduce memory usage. Loaded Objects now: 3626.
Total: 3.735800 ms (FindLiveObjects: 0.224700 ms CreateObjectMapping: 0.130100 ms MarkObjects: 3.361000 ms  DeleteObjects: 0.019100 ms)

AssetImportParameters requested are different than current active one (requested -> active):
  custom:framework-win-MediaFoundation: 216162199b28c13a410421893ffa2e32 -> 
  custom:video-decoder-ogg-theora: a1e56fd34408186e4bbccfd4996cb3dc -> 
  custom:container-muxer-webm: aa71ff27fc2769a1b78a27578f13a17b -> 
  custom:container-demuxer-webm: 4f35f7cbe854078d1ac9338744f61a02 -> 
  custom:container-demuxer-ogg: 62fdf1f143b41e24485cea50d1cbac27 -> 
  custom:video-encoder-webm-vp8: eb34c28f22e8b96e1ab97ce403110664 -> 
  custom:video-decoder-webm-vp8: 9c59270c3fd7afecdb556c50c9e8de78 -> 
  custom:audio-decoder-ogg-vorbis: bf7c407c2cedff20999df2af8eb42d56 -> 
  custom:audio-encoder-webm-vorbis: bf7c407c2cedff20999df2af8eb42d56 -> 
========================================================================
Received Prepare
Registering precompiled user dll's ...
Registered in 0.006931 seconds.
Begin MonoManager ReloadAssembly
Symbol file LoadedFromMemory doesn't match image C:\Users\Joey's PC\Desktop\School\Fall 2021\SocialGameDesign\Game-release\Library\PackageCache\com.unity.visualscripting@1.6.1\Editor\VisualScripting.Core\Dependencies\YamlDotNet\Unity.VisualScripting.YamlDotNet.dll
Symbol file LoadedFromMemory doesn't match image C:\Users\Joey's PC\Desktop\School\Fall 2021\SocialGameDesign\Game-release\Library\PackageCache\com.unity.visualscripting@1.6.1\Editor\VisualScripting.Core\Dependencies\DotNetZip\Unity.VisualScripting.IonicZip.dll
Native extension for WindowsStandalone target not found
Native extension for WebGL target not found
Refreshing native plugins compatible for Editor in 0.81 ms, found 3 plugins.
Preloading 0 native plugins for Editor in 0.00 ms.
Mono: successfully reloaded assembly
- Completed reload, in  2.281 seconds
Domain Reload Profiling:
	ReloadAssembly (2282ms)
		BeginReloadAssembly (948ms)
			ExecutionOrderSort (0ms)
			DisableScriptedObjects (9ms)
			BackupInstance (0ms)
			ReleaseScriptingObjects (0ms)
			CreateAndSetChildDomain (51ms)
		EndReloadAssembly (1243ms)
			LoadAssemblies (923ms)
			RebuildTransferFunctionScriptingTraits (0ms)
			SetupTypeCache (434ms)
			ReleaseScriptCaches (1ms)
			RebuildScriptCaches (61ms)
			SetupLoadedEditorAssemblies (505ms)
				LogAssemblyErrors (0ms)
				InitializePlatformSupportModulesInManaged (9ms)
				SetLoadedEditorAssemblies (1ms)
				RefreshPlugins (1ms)
				BeforeProcessingInitializeOnLoad (84ms)
				ProcessInitializeOnLoadAttributes (396ms)
				ProcessInitializeOnLoadMethodAttributes (5ms)
				AfterProcessingInitializeOnLoad (10ms)
				EditorAssembliesLoaded (0ms)
			ExecutionOrderSort2 (0ms)
			AwakeInstancesAfterBackupRestoration (8ms)
Platform modules already initialized, skipping
Refreshing native plugins compatible for Editor in 0.80 ms, found 3 plugins.
Preloading 0 native plugins for Editor in 0.00 ms.
Unloading 3117 Unused Serialized files (Serialized files now loaded: 0)
System memory in use before: 117.6 MB.
System memory in use after: 117.9 MB.

Unloading 16 unused Assets to reduce memory usage. Loaded Objects now: 3628.
Total: 7.826200 ms (FindLiveObjects: 0.748300 ms CreateObjectMapping: 0.400100 ms MarkObjects: 6.649400 ms  DeleteObjects: 0.026900 ms)

AssetImportParameters requested are different than current active one (requested -> active):
  custom:framework-win-MediaFoundation: 216162199b28c13a410421893ffa2e32 -> 
  custom:video-decoder-ogg-theora: a1e56fd34408186e4bbccfd4996cb3dc -> 
  custom:container-muxer-webm: aa71ff27fc2769a1b78a27578f13a17b -> 
  custom:container-demuxer-webm: 4f35f7cbe854078d1ac9338744f61a02 -> 
  custom:container-demuxer-ogg: 62fdf1f143b41e24485cea50d1cbac27 -> 
  custom:video-encoder-webm-vp8: eb34c28f22e8b96e1ab97ce403110664 -> 
  custom:video-decoder-webm-vp8: 9c59270c3fd7afecdb556c50c9e8de78 -> 
  custom:audio-decoder-ogg-vorbis: bf7c407c2cedff20999df2af8eb42d56 -> 
  custom:audio-encoder-webm-vorbis: bf7c407c2cedff20999df2af8eb42d56 -> 
========================================================================
Received Import Request.
  Time since last request: 112.827306 seconds.
  path: Assets/Scripts/PickupPotion.cs
  artifactKey: Guid(c2f2f62977ba177458aa53f8659822d8) Importer(815301076,1909f56bfc062723c751e8b465ee728b)
Start importing Assets/Scripts/PickupPotion.cs using Guid(c2f2f62977ba177458aa53f8659822d8) Importer(815301076,1909f56bfc062723c751e8b465ee728b)  -> (artifact id: '54466c034942ed5c8817473a17ae7dfc') in 0.013708 seconds 
========================================================================
Received Prepare
Refreshing native plugins compatible for Editor in 7.85 ms, found 3 plugins.
Preloading 0 native plugins for Editor in 0.00 ms.
Unloading 14 Unused Serialized files (Serialized files now loaded: 0)
System memory in use before: 56.1 MB.
System memory in use after: 56.3 MB.

Unloading 14 unused Assets to reduce memory usage. Loaded Objects now: 3628.
Total: 4.324600 ms (FindLiveObjects: 0.338900 ms CreateObjectMapping: 0.257400 ms MarkObjects: 3.706600 ms  DeleteObjects: 0.020600 ms)

AssetImportParameters requested are different than current active one (requested -> active):
  custom:framework-win-MediaFoundation: 216162199b28c13a410421893ffa2e32 -> 
  custom:video-decoder-ogg-theora: a1e56fd34408186e4bbccfd4996cb3dc -> 
  custom:container-muxer-webm: aa71ff27fc2769a1b78a27578f13a17b -> 
  custom:container-demuxer-webm: 4f35f7cbe854078d1ac9338744f61a02 -> 
  custom:container-demuxer-ogg: 62fdf1f143b41e24485cea50d1cbac27 -> 
  custom:video-encoder-webm-vp8: eb34c28f22e8b96e1ab97ce403110664 -> 
  custom:video-decoder-webm-vp8: 9c59270c3fd7afecdb556c50c9e8de78 -> 
  custom:audio-decoder-ogg-vorbis: bf7c407c2cedff20999df2af8eb42d56 -> 
  custom:audio-encoder-webm-vorbis: bf7c407c2cedff20999df2af8eb42d56 -> 
AssetImportWorkerClient::OnTransportError - code=2 error=End of file
